<?xml version="1.0" encoding="UTF-8"?>
<!-- Generated by org.testng.reporters.JUnitReportReporter -->
<testsuite skipped="0" hostname="DeepakShikha-PC" name="selenium.automation.expedia.pages.AllConceptss" tests="1" failures="0" timestamp="18 Jun 2019 02:37:01 GMT" time="7.999" errors="0">
  <testcase name="rightClick" time="7.999" classname="selenium.automation.expedia.pages.AllConceptss"/>
</testsuite> <!-- selenium.automation.expedia.pages.AllConceptss -->
