<?xml version="1.0" encoding="UTF-8"?>
<!-- Generated by org.testng.reporters.JUnitReportReporter -->
<testsuite skipped="0" hostname="DeepakShikha-PC" name="selenium.automation.expedia.pages.ScrollWebPage" tests="1" failures="0" timestamp="19 Jun 2019 04:22:09 GMT" time="21.268" errors="0">
  <testcase name="base" time="21.268" classname="selenium.automation.expedia.pages.ScrollWebPage"/>
</testsuite> <!-- selenium.automation.expedia.pages.ScrollWebPage -->
