<?xml version="1.0" encoding="UTF-8"?>
<!-- Generated by org.testng.reporters.JUnitReportReporter -->
<testsuite skipped="0" hostname="DeepakShikha-PC" name="selenium.automation.expedia.pages.Myntra" tests="1" failures="0" timestamp="01 Jul 2019 13:33:03 GMT" time="17.525" errors="0">
  <testcase name="extractProductList" time="17.525" classname="selenium.automation.expedia.pages.Myntra"/>
</testsuite> <!-- selenium.automation.expedia.pages.Myntra -->
