<?xml version="1.0" encoding="UTF-8"?>
<!-- Generated by org.testng.reporters.JUnitReportReporter -->
<testsuite skipped="0" hostname="DeepakShikha-PC" name="selenium.automation.expedia.pages.ChromeGridTest" tests="1" failures="0" timestamp="20 Jun 2019 03:32:51 GMT" time="8.010" errors="0">
  <testcase name="chromeGridTestChrome" time="8.010" classname="selenium.automation.expedia.pages.ChromeGridTest"/>
</testsuite> <!-- selenium.automation.expedia.pages.ChromeGridTest -->
